TN:
SF:/home/www/node/timeout/app.js
FN:7,(anonymous_0)
FNF:1
FNH:1
FNDA:3,(anonymous_0)
DA:2,1
DA:3,1
DA:4,1
DA:5,1
DA:7,1
DA:8,3
DA:9,3
DA:10,3
DA:11,3
DA:13,3
DA:16,1
DA:18,1
LF:12
LH:12
BRF:0
BRH:0
end_of_record
TN:
SF:/home/www/node/timeout/config.js
FNF:0
FNH:0
DA:3,1
DA:4,0
DA:5,0
DA:6,0
DA:8,1
DA:9,1
LF:6
LH:3
BRDA:3,0,0,0
BRDA:3,0,1,1
BRDA:5,1,0,0
BRDA:5,1,1,0
BRDA:8,2,0,1
BRDA:8,2,1,0
BRF:6
BRH:2
end_of_record
TN:
SF:/home/www/node/timeout/routes/timeout.js
FN:3,timeout
FN:10,(anonymous_1)
FNF:2
FNH:2
FNDA:3,timeout
FNDA:2,(anonymous_1)
DA:4,3
DA:5,3
DA:6,1
DA:7,1
DA:9,2
DA:10,2
DA:11,2
DA:12,2
DA:16,1
LF:9
LH:9
BRDA:4,0,0,2
BRDA:4,0,1,1
BRDA:5,1,0,1
BRDA:5,1,1,2
BRDA:5,2,0,3
BRDA:5,2,1,2
BRDA:5,2,2,2
BRF:7
BRH:7
end_of_record
